<?xml version="1.0" encoding="UTF-8"?>
<testsuite xmlns:xsi="http://www.w3.org/2001/XMLSchema-instance" xsi:noNamespaceSchemaLocation="https://maven.apache.org/surefire/maven-surefire-plugin/xsd/surefire-test-report.xsd" name="at.aau.webcrawler.PageStatisticTest" time="0.025" tests="5" errors="0" skipped="0" failures="0">
  <properties>
[...]
</properties>
  <testcase name="videoCount" classname="at.aau.webcrawler.PageStatisticTest" time="0"/>
  <testcase name="imageCount" classname="at.aau.webcrawler.PageStatisticTest" time="0.006"/>
  <testcase name="urlsFoundOnPage" classname="at.aau.webcrawler.PageStatisticTest" time="0.005"/>
  <testcase name="isSummaryCorrect" classname="at.aau.webcrawler.PageStatisticTest" time="0.009"/>
  <testcase name="wordCount" classname="at.aau.webcrawler.PageStatisticTest" time="0.004"/>
</testsuite>